mode: set
opspilot/internal/proxy/proxy.go:18.41,20.2 1 1
opspilot/internal/proxy/proxy.go:23.39,35.57 4 0
opspilot/internal/proxy/proxy.go:35.57,37.3 1 0
opspilot/internal/proxy/proxy.go:41.70,43.29 1 1
opspilot/internal/proxy/proxy.go:43.29,47.3 3 1
opspilot/internal/proxy/proxy.go:49.2,51.16 3 1
opspilot/internal/proxy/proxy.go:51.16,55.3 3 1
opspilot/internal/proxy/proxy.go:57.2,58.16 2 1
opspilot/internal/proxy/proxy.go:58.16,62.3 3 1
opspilot/internal/proxy/proxy.go:64.2,72.23 6 1
opspilot/internal/proxy/proxy.go:76.89,83.90 4 1
opspilot/internal/proxy/proxy.go:83.90,85.66 2 1
opspilot/internal/proxy/proxy.go:85.66,87.4 1 1
opspilot/internal/proxy/proxy.go:91.2,91.81 1 1
opspilot/internal/proxy/proxy.go:91.81,94.3 2 1
opspilot/internal/proxy/proxy.go:96.2,97.17 2 0
opspilot/internal/proxy/proxy.go:100.78,102.16 2 1
opspilot/internal/proxy/proxy.go:102.16,104.3 1 1
opspilot/internal/proxy/proxy.go:105.2,105.22 1 1
